IQ-TREE multicore version 1.6.12 for Linux 64-bit built Aug 15 2019
Developed by Bui Quang Minh, Nguyen Lam Tung, Olga Chernomor,
Heiko Schmidt, Dominik Schrempf, Michael Woodhams.

Host:    c03n07.grace.hpc.yale.internal (AVX, 125 GB RAM)
Command: iqtree -s alignment.cat.fasta -bb 1000 -nt AUTO
Seed:    677159 (Using SPRNG - Scalable Parallel Random Number Generator)
Time:    Mon Nov 30 00:30:35 2020
Kernel:  AVX - auto-detect threads (20 CPU cores detected)

Reading alignment file alignment.cat.fasta ... Fasta format detected
Alignment most likely contains DNA/RNA sequences
Alignment has 160 sequences with 19387 columns, 4788 distinct patterns
4937 parsimony-informative, 1447 singleton sites, 13003 constant sites
                            Gap/Ambiguity  Composition  p-value
   1  Siderastrea_radians           0.00%    failed      0.00%
   2  Astreopora_myriophthalma     30.65%    failed      0.15%
   3  Montipora_aequituberculata   30.12%    passed     14.89%
   4  Goniopora_lobata             22.05%    failed      0.13%
   5  Montipora_cactus             30.47%    passed      9.49%
   6  Goniopora_djiboutiensis       9.23%    failed      0.00%
   7  Montipora_efflorescens       30.47%    passed      9.22%
   8  Goniopora_columna            22.05%    failed      0.23%
   9  Porites_lutea                35.29%    failed      0.00%
  10  Porites_harrisoni            22.13%    failed      0.00%
  11  Porites_lobata               22.12%    failed      0.00%
  12  Porites_rus                  35.29%    failed      0.00%
  13  Acropora_carduus             30.44%    failed      0.09%
  14  Porites_okinawensis          22.12%    failed      0.00%
  15  Porites_panamensis            8.94%    failed      0.00%
  16  Porites_porites               9.29%    failed      0.00%
  17  Porites_sverdrupi             9.02%    failed      0.00%
  18  Acropora_awi                 30.43%    failed      0.06%
  19  Acropora_intermedia          30.43%    failed      0.06%
  20  Acropora_hyacinthus          30.43%    failed      0.06%
  21  Acropora_grandis             30.43%    failed      0.06%
  22  Acropora_florida             30.43%    failed      0.06%
  23  Acropora_cytherea            30.43%    failed      0.06%
  24  Acropora_austera             30.44%    failed      0.06%
  25  Acropora_digitifera          30.43%    failed      0.06%
  26  Acropora_aspera              30.43%    failed      0.06%
  27  Acropora_muricata            30.43%    failed      0.06%
  28  Acropora_humilis             30.43%    failed      0.06%
  29  Acropora_tenuis              30.44%    failed      0.04%
  30  Acropora_acuminata           30.43%    failed      0.06%
  31  Acropora_robusta             30.44%    failed      0.07%
  32  Acropora_microphthalma       30.43%    failed      0.06%
  33  Acropora_divaricata          30.44%    failed      0.07%
  34  Acropora_yongei              30.44%    failed      0.04%
  35  Acropora_echinata            30.44%    failed      0.04%
  36  Acropora_selago              30.44%    failed      0.06%
  37  Acropora_valida              30.44%    failed      0.05%
  38  Acropora_nasuta              30.44%    failed      0.06%
  39  Porites_fontanesii           22.14%    failed      0.01%
  40  Acropora_horrida             30.43%    failed      0.08%
  41  Isopora_palifera             30.36%    failed      0.05%
  42  Isopora_togianensis          30.38%    failed      0.04%
  43  Acropora_aculeus             30.53%    failed      0.18%
  44  Galaxea_fascicularis         30.26%    failed      0.35%
  45  Pavonia_clavus               18.88%    failed      0.00%
  46  Agaricia_fragilis            19.21%    failed      0.00%
  47  Pavona_decussata             18.88%    failed      0.00%
  48  Agaricia_humilis             19.08%    failed      0.00%
  49  Siderastrea_siderea          88.44%    failed      0.00%
  50  Porites_compressa            87.48%    passed     44.56%
  51  Montipora_capitata           92.55%    passed      6.28%
  52  Montipora_turgescens         92.55%    failed      4.15%
  53  Montipora_dilatata           92.55%    failed      4.15%
  54  Montipora_flabellata         92.55%    failed      4.15%
  55  Montipora_incrassata         92.56%    failed      4.06%
  56  Montipora_verrilli           92.97%    passed      8.52%
  57  Montipora_patula             94.35%    failed      4.33%
  58  Echinopora_lamellosa         95.46%    failed      0.00%
  59  Leptoria_phrygia             95.47%    failed      0.00%
  60  Goniopora_stokesi            95.47%    failed      0.00%
  61  Porites_astreoides           95.47%    failed      0.00%
  62  Seriatopora_hystrix          42.56%    failed      0.00%
  63  Porites_divaricata           95.47%    failed      0.00%
  64  Seriatopora_caliendrum       42.66%    failed      0.00%
  65  Porites_pukoensis            95.58%    failed      0.00%
  66  Goniopora_planulata          95.56%    failed      0.00%
  67  Stylophora_pistillata        42.95%    failed      0.00%
  68  Montipora_verrucosa          95.47%    failed      0.00%
  69  Pocillopora_damicornis       43.41%    failed      0.00%
  70  Isopora_brueggemanni         94.54%    passed      7.96%
  71  Pocillopora_grandis          43.41%    failed      0.00%
  72  Goniopora_cellulosa          95.34%    passed     33.75%
  73  Goniopora_tenuidens          95.34%    passed     28.64%
  74  Siderastrea_savignyana       96.02%    passed     13.09%
  75  Acropora_gemmifera           94.54%    passed      9.32%
  76  Acropora_donei               94.54%    passed     10.56%
  77  Montipora_digitata           94.54%    failed      4.24%
  78  Porites_nigrescens           95.71%    failed      0.00%
  79  Montipora_altasepta          94.54%    failed      4.56%
  80  Acropora_palmata             95.47%    failed      0.00%
  81  Agaricia_lamarcki            95.50%    failed      0.00%
  82  Isopora_cuneata              95.59%    failed      0.00%
  83  Agaricia_undata              95.50%    failed      0.00%
  84  Acropora_formosa             95.58%    failed      0.00%
  85  Agaricia_agaricites          95.50%    failed      0.00%
  86  Pavona_varians               95.50%    failed      0.00%
  87  Gardineroseris_planulata     95.50%    failed      0.00%
  88  Goniopora_pedunculata        96.04%    failed      0.00%
  89  Galaxea_horrescens           95.47%    failed      0.00%
  90  Montipora_foliosa            95.36%    passed      5.77%
  91  Acropora_cervicornis         95.05%    passed     25.94%
  92  Pavona_frondifera            95.61%    failed      0.00%
  93  Hydnophora_exesa             95.65%    failed      0.00%
  94  Acropora_latistella          95.06%    passed     16.78%
  95  Porites_evermanni            94.21%    failed      1.10%
  96  Galaxea_astreata             95.59%    failed      0.00%
  97  Porites_columnaris           94.36%    failed      1.44%
  98  Porites_echinulata           94.36%    failed      1.33%
  99  Porites_annae                94.36%    failed      1.33%
 100  Porites_solida               94.36%    failed      1.33%
 101  Porites_monticulosa          94.36%    failed      0.98%
 102  Euphyllia_glabrescens        96.01%    failed      3.06%
 103  Pachyseris_speciosa          96.01%    failed      2.13%
 104  Acropora_abrolhosensis       95.95%    passed     58.16%
 105  Siderastrea_stellata         96.86%    passed     26.74%
 106  Acropora_verweyi             95.95%    passed     59.93%
 107  Acropora_valenciennesi       95.95%    passed     59.93%
 108  Acropora_speciosa            95.95%    passed     59.93%
 109  Acropora_paniculata          95.95%    passed     59.93%
 110  Acropora_millepora           95.95%    passed     59.93%
 111  Acropora_microclados         95.95%    passed     59.93%
 112  Acropora_halmaherae          95.95%    passed     59.93%
 113  Acropora_granulosa           95.95%    passed     59.93%
 114  Acropora_anthocercis         95.95%    passed     59.93%
 115  Acropora_spicifera           95.95%    passed     59.93%
 116  Acropora_secale              95.95%    passed     61.46%
 117  Acropora_polystoma           95.95%    passed     59.93%
 118  Acropora_indonesia           95.95%    passed     59.93%
 119  Acropora_clathrata           95.95%    passed     59.93%
 120  Acropora_samoensis           95.95%    passed     60.88%
 121  Acropora_nana                95.95%    passed     64.16%
 122  Acropora_solitaryensis       95.95%    passed     60.88%
 123  Acropora_sarmentosa          95.95%    passed     55.45%
 124  Acropora_loripes             95.95%    passed     60.88%
 125  Acropora_dendrum             95.95%    passed     65.16%
 126  Acropora_pulchra             95.95%    passed     62.79%
 127  Acropora_subglabra           95.95%    passed     56.35%
 128  Acropora_glauca              95.95%    passed     61.31%
 129  Acropora_desalwii            95.95%    passed     50.42%
 130  Acropora_willisae            95.95%    passed     60.55%
 131  Acropora_elseyi              95.95%    passed     61.22%
 132  Goniopora_pendulus           92.08%    passed     99.15%
 133  Goniopora_paliformis         96.26%    passed      7.07%
 134  Porites_lichen               96.29%    passed     32.17%
 135  Pavona_cactus                96.01%    failed      0.35%
 136  Goniopora_norfolkensis       96.40%    passed      5.81%
 137  Goniopora_albiconus          96.42%    passed      5.19%
 138  Goniopora_somaliensis        96.46%    passed      5.68%
 139  Montipora_grisea             96.48%    failed      2.91%
 140  Goniopora_burgosi            96.42%    passed      5.30%
 141  Acropora_lutkeni             96.60%    failed      4.95%
 142  Goniopora_gracilis           96.72%    failed      0.00%
 143  Montipora_truncata           96.60%    failed      1.52%
 144  Montipora_fragilis           96.60%    failed      1.52%
 145  Acropora_pharaonis           96.59%    passed      6.33%
 146  Colpophyllia_natans          35.48%    failed      0.00%
 147  Montipora_stellata           96.60%    failed      2.13%
 148  Montipora_foveolata          96.60%    failed      1.38%
 149  Montipora_gaimardi           96.60%    failed      1.38%
 150  Leptoseris_foliosa           96.44%    passed     12.60%
 151  Porites_randalli             96.60%    passed     20.93%
 152  Pavona_explanulata           96.51%    passed      5.86%
 153  Porites_branneri             96.61%    passed     10.65%
 154  Madracis_myriaster           44.29%    failed      0.00%
 155  Porites_colonensis           96.71%    passed     14.75%
 156  Porites_duerdeni             96.73%    passed      9.83%
 157  Porites_cylindrica           96.72%    passed      8.65%
 158  Pavona_venosa                96.78%    passed      5.08%
 159  Acropora_branchi             96.98%    failed      2.75%
 160  Acropora_arabensis           96.98%    failed      2.75%
WARNING: 105 sequences contain more than 50% gaps/ambiguity
****  TOTAL                        72.34%  101 sequences failed composition chi2 test (p-value<5%; df=3)
NOTE: Acropora_intermedia is identical to Acropora_awi but kept for subsequent analysis
NOTE: Montipora_dilatata is identical to Montipora_turgescens but kept for subsequent analysis
NOTE: Porites_solida is identical to Porites_echinulata but kept for subsequent analysis
NOTE: Acropora_valenciennesi is identical to Acropora_verweyi but kept for subsequent analysis
NOTE: Acropora_arabensis is identical to Acropora_branchi but kept for subsequent analysis
NOTE: 17 identical sequences (see below) will be ignored for subsequent analysis
NOTE: Acropora_grandis (identical to Acropora_awi) is ignored but added at the end
NOTE: Acropora_florida (identical to Acropora_awi) is ignored but added at the end
NOTE: Acropora_aspera (identical to Acropora_awi) is ignored but added at the end
NOTE: Acropora_muricata (identical to Acropora_awi) is ignored but added at the end
NOTE: Acropora_humilis (identical to Acropora_awi) is ignored but added at the end
NOTE: Montipora_flabellata (identical to Montipora_turgescens) is ignored but added at the end
NOTE: Acropora_speciosa (identical to Acropora_verweyi) is ignored but added at the end
NOTE: Acropora_paniculata (identical to Acropora_verweyi) is ignored but added at the end
NOTE: Acropora_millepora (identical to Acropora_verweyi) is ignored but added at the end
NOTE: Acropora_microclados (identical to Acropora_verweyi) is ignored but added at the end
NOTE: Acropora_halmaherae (identical to Acropora_verweyi) is ignored but added at the end
NOTE: Acropora_granulosa (identical to Acropora_verweyi) is ignored but added at the end
NOTE: Acropora_anthocercis (identical to Acropora_verweyi) is ignored but added at the end
NOTE: Acropora_spicifera (identical to Acropora_verweyi) is ignored but added at the end
NOTE: Acropora_polystoma (identical to Acropora_verweyi) is ignored but added at the end
NOTE: Acropora_indonesia (identical to Acropora_verweyi) is ignored but added at the end
NOTE: Acropora_clathrata (identical to Acropora_verweyi) is ignored but added at the end

For your convenience alignment with unique sequences printed to alignment.cat.fasta.uniqueseq.phy


Create initial parsimony tree by phylogenetic likelihood library (PLL)... 0.120 seconds
NOTE: ModelFinder requires 240 MB RAM!
ModelFinder will test 286 DNA models (sample size: 19387) ...
 No. Model         -LnL         df  AIC          AICc         BIC
Measuring multi-threading efficiency up to 20 CPU cores
Increase to 10 rounds for branch lengths
29 trees examined
Threads: 1 / Time: 20.610 sec / Speedup: 1.000 / Efficiency: 100% / LogL: -233927
Threads: 2 / Time: 11.480 sec / Speedup: 1.795 / Efficiency: 90% / LogL: -233927
Threads: 3 / Time: 8.400 sec / Speedup: 2.454 / Efficiency: 82% / LogL: -233927
Threads: 4 / Time: 6.817 sec / Speedup: 3.023 / Efficiency: 76% / LogL: -233927
Threads: 5 / Time: 5.715 sec / Speedup: 3.606 / Efficiency: 72% / LogL: -233927
Threads: 6 / Time: 4.972 sec / Speedup: 4.145 / Efficiency: 69% / LogL: -233927
Threads: 7 / Time: 4.720 sec / Speedup: 4.366 / Efficiency: 62% / LogL: -233927
Threads: 8 / Time: 4.259 sec / Speedup: 4.839 / Efficiency: 60% / LogL: -233927
Threads: 9 / Time: 8.789 sec / Speedup: 2.345 / Efficiency: 26% / LogL: -233927
BEST NUMBER OF THREADS: 8

  1  JC            89002.276    283 178570.552   178578.967   180798.429
  2  JC+I          86879.553    284 174327.106   174335.580   176562.855
  3  JC+G4         86651.001    284 173870.002   173878.476   176105.751
  4  JC+I+G4       86641.024    285 173852.049   173860.583   176095.671
  5  JC+R2         86667.055    285 173904.110   173912.645   176147.732
  6  JC+R3         86624.260    287 173822.519   173831.175   176081.886
  7  JC+R4         86623.283    289 173824.566   173833.343   176099.677
 14  F81+F         87694.597    286 175961.193   175969.788   178212.688
 15  F81+F+I       85544.758    287 171663.516   171672.171   173922.883
 16  F81+F+G4      85301.142    287 171176.283   171184.939   173435.650
 17  F81+F+I+G4    85290.921    288 171157.841   171166.558   173425.080
 18  F81+F+R2      85318.024    288 171212.048   171220.764   173479.287
 19  F81+F+R3      85275.393    290 171130.786   171139.625   173413.770
 20  F81+F+R4      85274.557    292 171133.113   171142.075   173431.842
 27  K2P           86732.055    284 174032.109   174040.584   176267.859
 28  K2P+I         84387.773    285 169345.546   169354.080   171589.168
 29  K2P+G4        84116.148    285 168802.296   168810.830   171045.918
 30  K2P+I+G4      84100.911    286 168773.821   168782.416   171025.316
 31  K2P+R2        84133.091    286 168838.181   168846.776   171089.676
 32  K2P+R3        84084.749    288 168745.499   168754.215   171012.738
 33  K2P+R4        84084.254    290 168748.508   168757.346   171031.492
 40  HKY+F         84905.348    287 170384.695   170393.351   172644.062
 41  HKY+F+I       82447.066    288 165470.133   165478.849   167737.372
 42  HKY+F+G4      82158.473    288 164892.946   164901.663   167160.186
 43  HKY+F+I+G4    82142.203    289 164862.406   164871.184   167137.518
 44  HKY+F+R2      82190.279    289 164958.558   164967.335   167233.670
 45  HKY+F+R3      82135.871    291 164853.742   164862.642   167144.598
 46  HKY+F+R4      82134.824    293 164855.648   164864.672   167162.249
 53  TNe           86707.001    285 173984.001   173992.536   176227.623
 54  TNe+I         84387.308    286 169346.617   169355.212   171598.111
 55  TNe+G4        84115.130    286 168802.260   168810.855   171053.755
 56  TNe+I+G4      84099.545    287 168773.090   168781.746   171032.457
 57  TNe+R2        84131.774    287 168837.548   168846.204   171096.915
 58  TNe+R3        84081.576    289 168741.152   168749.929   171016.263
 59  TNe+R4        84081.321    291 168744.642   168753.542   171035.498
 66  TN+F          84905.053    288 170386.107   170394.823   172653.346
 67  TN+F+I        82425.441    289 165428.882   165437.659   167703.993
 68  TN+F+G4       82142.984    289 164863.968   164872.745   167139.079
 69  TN+F+I+G4     82126.665    290 164833.330   164842.168   167116.314
 70  TN+F+R2       82175.404    290 164930.808   164939.646   167213.792
 71  TN+F+R3       82122.601    292 164829.202   164838.163   167127.930
 72  TN+F+R4       82121.444    294 164830.888   164839.974   167145.361
 79  K3P           86732.017    285 174034.034   174042.569   176277.656
 80  K3P+I         84385.796    286 169343.592   169352.187   171595.086
 81  K3P+G4        84114.352    286 168800.703   168809.298   171052.197
 82  K3P+I+G4      84098.808    287 168771.615   168780.271   171030.982
 83  K3P+R2        84131.198    287 168836.395   168845.051   171095.762
 84  K3P+R3        84082.131    289 168742.263   168751.040   171017.374
 85  K3P+R4        84081.914    291 168745.829   168754.729   171036.685
 92  K3Pu+F        84904.100    288 170384.201   170392.917   172651.440
 93  K3Pu+F+I      82440.201    289 165458.403   165467.180   167733.514
 94  K3Pu+F+G4     82152.574    289 164883.149   164891.926   167158.260
 95  K3Pu+F+I+G4   82135.740    290 164851.480   164860.318   167134.464
 96  K3Pu+F+R2     82183.898    290 164947.796   164956.635   167230.780
 97  K3Pu+F+R3     82129.167    292 164842.333   164851.295   167141.062
 98  K3Pu+F+R4     82128.448    294 164844.897   164853.982   167159.370
105  TPM2+F        84880.023    288 170336.047   170344.763   172603.286
106  TPM2+F+I      82434.004    289 165446.008   165454.786   167721.120
107  TPM2+F+G4     82142.355    289 164862.710   164871.487   167137.821
108  TPM2+F+I+G4   82127.171    290 164834.342   164843.180   167117.326
109  TPM2+F+R2     82171.509    290 164923.017   164931.856   167206.001
110  TPM2+F+R3     82119.356    292 164822.711   164831.673   167121.440
111  TPM2+F+R4     82118.640    294 164825.279   164834.365   167139.752
118  TPM2u+F       84880.014    288 170336.027   170344.744   172603.266
119  TPM2u+F+I     82434.009    289 165446.018   165454.795   167721.130
120  TPM2u+F+G4    82142.360    289 164862.720   164871.497   167137.831
121  TPM2u+F+I+G4  82127.167    290 164834.333   164843.172   167117.317
122  TPM2u+F+R2    82171.479    290 164922.959   164931.797   167205.943
123  TPM2u+F+R3    82119.354    292 164822.708   164831.670   167121.437
124  TPM2u+F+R4    82118.591    294 164825.183   164834.268   167139.656
131  TPM3+F        84902.950    288 170381.900   170390.616   172649.139
132  TPM3+F+I      82435.997    289 165449.994   165458.772   167725.106
133  TPM3+F+G4     82142.963    289 164863.926   164872.704   167139.038
134  TPM3+F+I+G4   82126.538    290 164833.076   164841.915   167116.060
135  TPM3+F+R2     82174.802    290 164929.605   164938.443   167212.589
136  TPM3+F+R3     82120.213    292 164824.425   164833.387   167123.154
137  TPM3+F+R4     82119.244    294 164826.487   164835.572   167140.960
144  TPM3u+F       84902.958    288 170381.917   170390.633   172649.156
145  TPM3u+F+I     82436.011    289 165450.022   165458.800   167725.134
146  TPM3u+F+G4    82142.977    289 164863.954   164872.731   167139.065
147  TPM3u+F+I+G4  82126.544    290 164833.087   164841.926   167116.071
148  TPM3u+F+R2    82174.704    290 164929.408   164938.246   167212.392
149  TPM3u+F+R3    82120.188    292 164824.375   164833.337   167123.104
150  TPM3u+F+R4    82119.170    294 164826.341   164835.426   167140.814
157  TIMe          86706.849    286 173985.698   173994.293   176237.193
158  TIMe+I        84385.249    287 169344.497   169353.153   171603.864
159  TIMe+G4       84113.274    287 168800.549   168809.204   171059.916
160  TIMe+I+G4     84097.338    288 168770.675   168779.392   171037.914
161  TIMe+R2       84130.157    288 168836.315   168845.031   171103.554
162  TIMe+R3       84079.674    290 168739.348   168748.186   171022.332
163  TIMe+R4       84079.396    292 168742.791   168751.753   171041.520
170  TIM+F         84903.811    289 170385.621   170394.399   172660.733
171  TIM+F+I       82418.742    290 165417.484   165426.323   167700.468
172  TIM+F+G4      82137.197    290 164854.395   164863.233   167137.379
173  TIM+F+I+G4    82120.422    291 164822.845   164831.745   167113.701
174  TIM+F+R2      82170.226    291 164922.453   164931.353   167213.309
175  TIM+F+R3      82116.831    293 164819.663   164828.686   167126.264
176  TIM+F+R4      82115.722    295 164821.444   164830.592   167143.789
183  TIM2e         86675.450    286 173922.900   173931.494   176174.394
184  TIM2e+I       84367.525    287 169309.051   169317.706   171568.418
185  TIM2e+G4      84091.252    287 168756.505   168765.160   171015.872
186  TIM2e+I+G4    84076.563    288 168729.126   168737.843   170996.366
187  TIM2e+R2      84106.232    288 168788.464   168797.181   171055.703
188  TIM2e+R3      84058.693    290 168697.385   168706.224   170980.369
189  TIM2e+R4      84058.355    292 168700.710   168709.672   170999.439
196  TIM2+F        84879.885    289 170337.770   170346.547   172612.881
197  TIM2+F+I      82412.305    290 165404.610   165413.448   167687.594
198  TIM2+F+G4     82126.945    290 164833.890   164842.728   167116.874
199  TIM2+F+I+G4   82111.664    291 164805.328   164814.228   167096.184
200  TIM2+F+R2     82158.385    291 164898.769   164907.669   167189.625
201  TIM2+F+R3     82107.914    293 164801.829   164810.852   167108.430
202  TIM2+F+R4     82107.006    295 164804.013   164813.160   167126.358
209  TIM3e         86633.575    286 173839.151   173847.745   176090.645
210  TIM3e+I       84313.524    287 169201.047   169209.703   171460.414
211  TIM3e+G4      84033.748    287 168641.496   168650.152   170900.863
212  TIM3e+I+G4    84017.141    288 168610.281   168618.998   170877.521
213  TIM3e+R2      84049.876    288 168675.752   168684.468   170942.991
214  TIM3e+R3      83996.586    290 168573.172   168582.011   170856.156
215  TIM3e+R4      83996.245    292 168576.491   168585.452   170875.219
222  TIM3+F        84902.910    289 170383.820   170392.598   172658.932
223  TIM3+F+I      82414.588    290 165409.175   165418.014   167692.159
224  TIM3+F+G4     82126.304    290 164832.609   164841.447   167115.593
225  TIM3+F+I+G4   82109.802    291 164801.604   164810.504   167092.460
226  TIM3+F+R2     82161.961    291 164905.923   164914.823   167196.779
227  TIM3+F+R3     82107.864    293 164801.728   164810.752   167108.329
228  TIM3+F+R4     82106.417    295 164802.833   164811.981   167125.179
235  TVMe          86613.192    287 173800.384   173809.039   176059.750
236  TVMe+I        84275.215    288 169126.431   169135.147   171393.670
237  TVMe+G4       83991.104    288 168558.208   168566.925   170825.448
238  TVMe+I+G4     83975.534    289 168529.069   168537.846   170804.180
239  TVMe+R2       84006.052    289 168590.103   168598.881   170865.215
240  TVMe+R3       83955.847    291 168493.694   168502.594   170784.550
241  TVMe+R4       83955.544    293 168497.088   168506.111   170803.689
248  TVM+F         84862.745    290 170305.490   170314.329   172588.474
249  TVM+F+I       82402.702    291 165387.404   165396.304   167678.260
250  TVM+F+G4      82108.640    291 164799.280   164808.180   167090.137
251  TVM+F+I+G4    82092.702    292 164769.404   164778.366   167068.133
252  TVM+F+R2      82141.097    292 164866.195   164875.156   167164.923
253  TVM+F+R3      82087.944    294 164763.888   164772.974   167078.362
254  TVM+F+R4      82087.062    296 164766.125   164775.335   167096.343
261  SYM           86587.371    288 173750.743   173759.459   176017.982
262  SYM+I         84274.909    289 169127.818   169136.595   171402.929
263  SYM+G4        83990.667    289 168559.334   168568.111   170834.446
264  SYM+I+G4      83974.853    290 168529.706   168538.544   170812.690
265  SYM+R2        84005.557    290 168591.114   168599.953   170874.098
266  SYM+R3        83954.281    292 168492.562   168501.523   170791.290
267  SYM+R4        83953.995    294 168495.989   168505.075   170810.462
274  GTR+F         84862.649    291 170307.298   170316.198   172598.154
275  GTR+F+I       82380.773    292 165345.546   165354.507   167644.274
276  GTR+F+G4      82091.811    292 164767.622   164776.584   167066.351
277  GTR+F+I+G4    82075.774    293 164737.547   164746.571   167044.148
278  GTR+F+R2      82127.260    293 164840.520   164849.543   167147.121
279  GTR+F+R3      82074.641    295 164739.281   164748.429   167061.627
280  GTR+F+R4      82073.635    297 164741.270   164750.543   167079.360
Akaike Information Criterion:           GTR+F+I+G4
Corrected Akaike Information Criterion: GTR+F+I+G4
Bayesian Information Criterion:         GTR+F+I+G4
Best-fit model: GTR+F+I+G4 chosen according to BIC

All model information printed to alignment.cat.fasta.model.gz
CPU time for ModelFinder: 2053.769 seconds (0h:34m:13s)
Wall-clock time for ModelFinder: 302.558 seconds (0h:5m:2s)
Generating 1000 samples for ultrafast bootstrap (seed: 677159)...

NOTE: 107 MB RAM (0 GB) is required!
Measuring multi-threading efficiency up to 20 CPU cores
Increase to 10 rounds for branch lengths
11 trees examined
Threads: 1 / Time: 20.868 sec / Speedup: 1.000 / Efficiency: 100% / LogL: -172522
Threads: 2 / Time: 10.701 sec / Speedup: 1.950 / Efficiency: 98% / LogL: -172522
Threads: 3 / Time: 7.491 sec / Speedup: 2.786 / Efficiency: 93% / LogL: -172522
Threads: 4 / Time: 5.876 sec / Speedup: 3.551 / Efficiency: 89% / LogL: -172522
Threads: 5 / Time: 6.130 sec / Speedup: 3.405 / Efficiency: 68% / LogL: -172522
Threads: 6 / Time: 4.249 sec / Speedup: 4.912 / Efficiency: 82% / LogL: -172522
Threads: 7 / Time: 4.779 sec / Speedup: 4.367 / Efficiency: 62% / LogL: -172522
BEST NUMBER OF THREADS: 6

Estimate model parameters (epsilon = 0.100)
Thoroughly optimizing +I+G parameters from 10 start values...
Init pinv, alpha: 0.000, 1.000 / Estimate: 0.000, 0.338 / LogL: -82091.836
Init pinv, alpha: 0.075, 1.000 / Estimate: 0.075, 0.392 / LogL: -82087.074
Init pinv, alpha: 0.149, 1.000 / Estimate: 0.150, 0.468 / LogL: -82082.860
Init pinv, alpha: 0.224, 1.000 / Estimate: 0.226, 0.574 / LogL: -82078.867
Init pinv, alpha: 0.298, 1.000 / Estimate: 0.299, 0.731 / LogL: -82076.086
Init pinv, alpha: 0.373, 1.000 / Estimate: 0.371, 0.987 / LogL: -82077.019
Init pinv, alpha: 0.447, 1.000 / Estimate: 0.380, 1.030 / LogL: -82077.761
Init pinv, alpha: 0.522, 1.000 / Estimate: 0.380, 1.027 / LogL: -82077.846
Init pinv, alpha: 0.596, 1.000 / Estimate: 0.380, 1.031 / LogL: -82078.092
Init pinv, alpha: 0.671, 1.000 / Estimate: 0.380, 1.030 / LogL: -82078.320
Optimal pinv,alpha: 0.299, 0.731 / LogL: -82076.086

Parameters optimization took 63.409 sec
Computing ML distances based on estimated model parameters... 1.447 sec
WARNING: Some pairwise ML distances are too long (saturated)
Computing BIONJ tree...
0.014 seconds
Log-likelihood of BIONJ tree: -84794.141
--------------------------------------------------------------------
|             INITIALIZING CANDIDATE TREE SET                      |
--------------------------------------------------------------------
Generating 98 parsimony trees... 12.837 second
Computing log-likelihood of 98 initial trees ... 11.397 seconds
Current best score: -81708.606

Do NNI search on 20 best initial trees
Estimate model parameters (epsilon = 0.100)
BETTER TREE FOUND at iteration 1: -81527.814
Estimate model parameters (epsilon = 0.100)
BETTER TREE FOUND at iteration 3: -81526.261
Iteration 10 / LogL: -81542.505 / Time: 0h:3m:24s
Iteration 20 / LogL: -81530.746 / Time: 0h:4m:27s
Finish initializing candidate tree set (20)
Current best tree score: -81526.261 / CPU time: 140.198
Number of iterations: 20
--------------------------------------------------------------------
|               OPTIMIZING CANDIDATE TREE SET                      |
--------------------------------------------------------------------
Estimate model parameters (epsilon = 0.100)
BETTER TREE FOUND at iteration 26: -81525.935
Estimate model parameters (epsilon = 0.100)
BETTER TREE FOUND at iteration 28: -81524.615
Iteration 30 / LogL: -81531.620 / Time: 0h:5m:20s (0h:18m:3s left)
Estimate model parameters (epsilon = 0.100)
BETTER TREE FOUND at iteration 31: -81519.428
Iteration 40 / LogL: -81522.424 / Time: 0h:6m:12s (0h:14m:28s left)
Estimate model parameters (epsilon = 0.100)
BETTER TREE FOUND at iteration 41: -81519.226
BETTER TREE FOUND at iteration 48: -81519.224
Iteration 50 / LogL: -81522.214 / Time: 0h:7m:1s (0h:14m:3s left)
Log-likelihood cutoff on original alignment: -81605.501
Estimate model parameters (epsilon = 0.100)
BETTER TREE FOUND at iteration 59: -81517.235
Iteration 60 / LogL: -81519.224 / Time: 0h:7m:46s (0h:13m:2s left)
Estimate model parameters (epsilon = 0.100)
BETTER TREE FOUND at iteration 63: -81517.064
Estimate model parameters (epsilon = 0.100)
BETTER TREE FOUND at iteration 67: -81516.838
Iteration 70 / LogL: -81523.956 / Time: 0h:8m:30s (0h:11m:57s left)
Estimate model parameters (epsilon = 0.100)
BETTER TREE FOUND at iteration 75: -81516.515
Iteration 80 / LogL: -81519.385 / Time: 0h:9m:22s (0h:11m:16s left)
Iteration 90 / LogL: -81518.617 / Time: 0h:10m:9s (0h:9m:42s left)
Iteration 100 / LogL: -81516.670 / Time: 0h:10m:57s (0h:8m:18s left)
Log-likelihood cutoff on original alignment: -81605.501
NOTE: Bootstrap correlation coefficient of split occurrence frequencies: 0.984
NOTE: UFBoot does not converge, continue at least 100 more iterations
BETTER TREE FOUND at iteration 106: -81516.509
Estimate model parameters (epsilon = 0.100)
BETTER TREE FOUND at iteration 110: -81516.455
Iteration 110 / LogL: -81516.455 / Time: 0h:11m:50s (0h:10m:51s left)
Iteration 120 / LogL: -81516.605 / Time: 0h:12m:40s (0h:9m:34s left)
Iteration 130 / LogL: -81522.316 / Time: 0h:13m:28s (0h:8m:21s left)
BETTER TREE FOUND at iteration 139: -81516.455
Iteration 140 / LogL: -81516.998 / Time: 0h:14m:16s (0h:10m:10s left)
Iteration 150 / LogL: -81516.697 / Time: 0h:15m:5s (0h:9m:0s left)
Log-likelihood cutoff on original alignment: -81605.501
Iteration 160 / LogL: -81517.249 / Time: 0h:15m:48s (0h:7m:51s left)
Estimate model parameters (epsilon = 0.100)
BETTER TREE FOUND at iteration 167: -81515.568
Iteration 170 / LogL: -81519.478 / Time: 0h:16m:36s (0h:9m:31s left)
Iteration 180 / LogL: -81907.804 / Time: 0h:17m:17s (0h:8m:24s left)
BETTER TREE FOUND at iteration 183: -81515.559
Iteration 190 / LogL: -81517.378 / Time: 0h:18m:6s (0h:8m:54s left)
Iteration 200 / LogL: -81520.145 / Time: 0h:18m:44s (0h:7m:48s left)
Log-likelihood cutoff on original alignment: -81605.501
NOTE: Bootstrap correlation coefficient of split occurrence frequencies: 0.981
NOTE: UFBoot does not converge, continue at least 100 more iterations
Iteration 210 / LogL: -81521.037 / Time: 0h:19m:31s (0h:8m:24s left)
Iteration 220 / LogL: -81518.600 / Time: 0h:20m:21s (0h:7m:26s left)
Iteration 230 / LogL: -81515.683 / Time: 0h:21m:7s (0h:6m:27s left)
Iteration 240 / LogL: -81516.647 / Time: 0h:21m:50s (0h:5m:28s left)
Iteration 250 / LogL: -81516.316 / Time: 0h:22m:35s (0h:4m:32s left)
Log-likelihood cutoff on original alignment: -81602.756
Iteration 260 / LogL: -81516.187 / Time: 0h:23m:21s (0h:3m:36s left)
BETTER TREE FOUND at iteration 266: -81515.559
Iteration 270 / LogL: -81521.277 / Time: 0h:24m:4s (0h:8m:35s left)
Iteration 280 / LogL: -81515.564 / Time: 0h:24m:57s (0h:7m:41s left)
Iteration 290 / LogL: -81519.022 / Time: 0h:25m:41s (0h:6m:45s left)
Iteration 300 / LogL: -81516.764 / Time: 0h:26m:30s (0h:5m:51s left)
Log-likelihood cutoff on original alignment: -81602.756
NOTE: Bootstrap correlation coefficient of split occurrence frequencies: 0.978
NOTE: UFBoot does not converge, continue at least 100 more iterations
Iteration 310 / LogL: -81515.577 / Time: 0h:27m:17s (0h:7m:56s left)
Iteration 320 / LogL: -81519.666 / Time: 0h:27m:56s (0h:7m:0s left)
Iteration 330 / LogL: -81518.559 / Time: 0h:28m:34s (0h:6m:4s left)
BETTER TREE FOUND at iteration 331: -81515.557
Iteration 340 / LogL: -81516.327 / Time: 0h:29m:21s (0h:7m:52s left)
BETTER TREE FOUND at iteration 345: -81515.547
Estimate model parameters (epsilon = 0.100)
BETTER TREE FOUND at iteration 346: -81515.522
Iteration 350 / LogL: -81516.680 / Time: 0h:30m:5s (0h:8m:16s left)
Log-likelihood cutoff on original alignment: -81602.756
Iteration 360 / LogL: -81516.464 / Time: 0h:30m:53s (0h:7m:23s left)
Iteration 370 / LogL: -81515.560 / Time: 0h:31m:44s (0h:6m:32s left)
Iteration 380 / LogL: -81515.531 / Time: 0h:32m:31s (0h:5m:39s left)
Iteration 390 / LogL: -81519.353 / Time: 0h:33m:14s (0h:4m:47s left)
Iteration 400 / LogL: -81515.573 / Time: 0h:33m:55s (0h:3m:54s left)
Log-likelihood cutoff on original alignment: -81602.756
NOTE: Bootstrap correlation coefficient of split occurrence frequencies: 0.991
Iteration 410 / LogL: -81515.760 / Time: 0h:34m:41s (0h:7m:38s left)
Iteration 420 / LogL: -81521.978 / Time: 0h:35m:29s (0h:6m:46s left)
BETTER TREE FOUND at iteration 425: -81515.514
Iteration 430 / LogL: -81539.404 / Time: 0h:36m:21s (0h:8m:3s left)
Iteration 440 / LogL: -81518.653 / Time: 0h:37m:8s (0h:7m:11s left)
Iteration 450 / LogL: -81519.152 / Time: 0h:37m:56s (0h:6m:20s left)
Log-likelihood cutoff on original alignment: -81602.756
Iteration 460 / LogL: -81525.449 / Time: 0h:38m:36s (0h:5m:28s left)
Estimate model parameters (epsilon = 0.100)
BETTER TREE FOUND at iteration 462: -81515.483
Iteration 470 / LogL: -81515.748 / Time: 0h:39m:26s (0h:7m:44s left)
Iteration 480 / LogL: -81519.505 / Time: 0h:40m:10s (0h:6m:52s left)
Iteration 490 / LogL: -81623.809 / Time: 0h:40m:55s (0h:6m:1s left)
Iteration 500 / LogL: -81534.218 / Time: 0h:41m:35s (0h:5m:10s left)
Log-likelihood cutoff on original alignment: -81602.756
NOTE: Bootstrap correlation coefficient of split occurrence frequencies: 0.994
Iteration 510 / LogL: -81524.191 / Time: 0h:42m:26s (0h:7m:30s left)
Iteration 520 / LogL: -81517.471 / Time: 0h:43m:5s (0h:6m:38s left)
Iteration 530 / LogL: -81539.461 / Time: 0h:43m:50s (0h:5m:48s left)
Iteration 540 / LogL: -81516.729 / Time: 0h:44m:36s (0h:4m:57s left)
Iteration 550 / LogL: -81522.926 / Time: 0h:45m:33s (0h:4m:8s left)
Log-likelihood cutoff on original alignment: -81602.756
Iteration 560 / LogL: -81515.538 / Time: 0h:46m:23s (0h:3m:19s left)
TREE SEARCH COMPLETED AFTER 563 ITERATIONS / Time: 0h:46m:36s

--------------------------------------------------------------------
|                    FINALIZING TREE SEARCH                        |
--------------------------------------------------------------------
Performs final model parameters optimization
Estimate model parameters (epsilon = 0.010)
1. Initial log-likelihood: -81515.483
Optimal log-likelihood: -81515.479
Rate parameters:  A-C: 1.75433  A-G: 5.85461  A-T: 1.02554  C-G: 0.88675  C-T: 7.00280  G-T: 1.00000
Base frequencies:  A: 0.242  C: 0.146  G: 0.232  T: 0.380
Proportion of invariable sites: 0.303
Gamma shape alpha: 0.763
Parameters optimization took 1 rounds (0.292 sec)
BEST SCORE FOUND : -81515.479
Creating bootstrap support values...
Split supports printed to NEXUS file alignment.cat.fasta.splits.nex
Total tree length: 1.624

Total number of iterations: 563
CPU time used for tree search: 15700.532 sec (4h:21m:40s)
Wall-clock time used for tree search: 2668.469 sec (0h:44m:28s)
Total CPU time used: 16282.739 sec (4h:31m:22s)
Total wall-clock time used: 2797.122 sec (0h:46m:37s)

Computing bootstrap consensus tree...
Reading input file alignment.cat.fasta.splits.nex...
143 taxa and 4121 splits.
Consensus tree written to alignment.cat.fasta.contree
Reading input trees file alignment.cat.fasta.contree
Log-likelihood of consensus tree: -81515.589

Analysis results written to: 
  IQ-TREE report:                alignment.cat.fasta.iqtree
  Maximum-likelihood tree:       alignment.cat.fasta.treefile
  Likelihood distances:          alignment.cat.fasta.mldist

Ultrafast bootstrap approximation results written to:
  Split support values:          alignment.cat.fasta.splits.nex
  Consensus tree:                alignment.cat.fasta.contree
  Screen log file:               alignment.cat.fasta.log

Date and Time: Mon Nov 30 01:22:19 2020
