IQ-TREE multicore version 1.6.12 for Linux 64-bit built Aug 15 2019
Developed by Bui Quang Minh, Nguyen Lam Tung, Olga Chernomor,
Heiko Schmidt, Dominik Schrempf, Michael Woodhams.

Host:    c03n07.grace.hpc.yale.internal (AVX, 125 GB RAM)
Command: iqtree -s por.co1.alignment.fasta -bb 1000 -nt AUTO
Seed:    495513 (Using SPRNG - Scalable Parallel Random Number Generator)
Time:    Mon Nov  2 13:12:16 2020
Kernel:  AVX - auto-detect threads (20 CPU cores detected)

Reading alignment file por.co1.alignment.fasta ... Fasta format detected
Alignment most likely contains DNA/RNA sequences
Alignment has 71 sequences with 707 columns, 110 distinct patterns
34 parsimony-informative, 47 singleton sites, 626 constant sites
WARNING: Some sequence names are changed as follows:
ref|NC_037435.1| -> ref_NC_037435.1_
ref|NC_037434.1| -> ref_NC_037434.1_

                                Gap/Ambiguity  Composition  p-value
   1  ref_NC_037435.1_                  0.00%    passed     99.26%
   2  Porites_lutea_KU159432.1          0.00%    passed     99.70%
   3  Porites_rus_LN864762.1            0.00%    passed     99.70%
   4  ref_NC_037434.1_                  0.00%    passed     89.75%
   5  Porites_lutea_MN690335.1          2.97%    passed     98.59%
   6  Porites_lobata_KU761954.1         0.00%    passed     99.27%
   7  Porites_lobata_KU572435.1         0.00%    passed     99.27%
   8  Porites_okinawensis_JF825142.1    0.00%    passed     99.70%
   9  Porites_panamensis_KU761953.1     0.00%    passed     94.82%
  10  Porites_sverdrupi_KU956960.1      0.00%    passed     94.82%
  11  Porites_cf_MN602014.1             3.39%    passed     99.80%
  12  Porites_panamensis_KJ546638.1     0.00%    passed     96.42%
  13  Porites_porites_DQ643837.1        0.00%    passed     93.07%
  14  Porites_monticulosa_MN690338.1    3.68%    passed    100.00%
  15  Porites_rus_MN690339.1            3.68%    passed     99.98%
  16  Porites_cf_AB907073.1             2.97%    passed     99.03%
  17  Porites_compressa_KY888879.1      3.96%    passed     97.93%
  18  Porites_lutea_LT558159.1          6.79%    passed     97.63%
  19  Porites_evermanni_LT558157.1      6.79%    passed     97.63%
  20  Porites_evermanni_LT558156.1      6.79%    passed     97.63%
  21  Porites_evermanni_LT558155.1      6.79%    passed     97.63%
  22  Porites_evermanni_LT558151.1      6.79%    passed     97.63%
  23  Porites_evermanni_LT558150.1      6.79%    passed     97.63%
  24  Porites_evermanni_LT558149.1      6.79%    passed     97.63%
  25  Porites_annae_LT558143.1          6.79%    passed     97.63%
  26  Porites_rus_LT558165.1            6.79%    passed     98.15%
  27  Porites_rus_LT558164.1            6.79%    passed     98.15%
  28  Porites_rus_LT558163.1            6.79%    passed     98.15%
  29  Porites_rus_LT558162.1            6.79%    passed     98.15%
  30  Porites_monticulosa_LT558161.1    6.79%    passed     98.15%
  31  Porites_monticulosa_LT558160.1    6.79%    passed     98.15%
  32  Porites_lutea_LT558158.1          6.79%    passed     98.15%
  33  Porites_lobata_LT558153.1         6.79%    passed     99.12%
  34  Porites_compressa_LT558147.1      6.79%    passed     99.12%
  35  Porites_compressa_LT558146.1      6.79%    passed     99.12%
  36  Porites_randalli_LT558145.1       6.79%    passed     98.54%
  37  Porites_lobata_LT558154.1         6.79%    passed     99.42%
  38  Porites_lobata_LT558152.1         6.79%    passed     99.42%
  39  Porites_compressa_LT558148.1      6.79%    passed     99.42%
  40  Porites_rus_LT558144.1            6.79%    passed     99.42%
  41  Porites_annae_LT558142.1          6.79%    passed     99.42%
  42  Porites_cf_MN602016.1             7.21%    passed     99.10%
  43  Porites_lichen_FJ423964.1         9.90%    passed     99.66%
  44  Porites_lutea_FJ423967.1          9.90%    passed     99.57%
  45  Porites_astreoides_AY451374.1     7.07%    passed     99.10%
  46  Porites_lobata_FJ423983.1         9.90%    passed     98.05%
  47  Porites_rus_FJ423980.1            9.90%    passed     99.74%
  48  Porites_lobata_FJ423974.1         9.90%    passed     97.75%
  49  Porites_randalli_FJ423966.1       9.90%    passed     99.74%
  50  Porites_solida_FJ423962.1         9.90%    passed     98.94%
  51  Porites_lobata_FJ423973.1        10.04%    passed     97.06%
  52  Porites_lutea_KF271436.1          9.90%    passed     99.57%
  53  Porites_lutea_KF271415.1          9.90%    passed     97.75%
  54  Porites_lobata_FJ423975.1         9.90%    passed     99.18%
  55  Porites_lichen_FJ423963.1         9.90%    passed     99.18%
  56  Porites_astreoides_FJ423961.1     9.90%    passed     99.91%
  57  Siderastrea_siderea_AY451386.1    7.07%    passed     98.82%
  58  Porites_lobata_MN005655.1        11.46%    passed     98.33%
  59  Porites_evermanni_FJ423984.1     11.03%    passed     99.29%
  60  Porites_cylindrica_FJ423968.1    10.18%    passed     98.34%
  61  Porites_compressa_FJ423982.1     10.04%    passed     98.76%
  62  Porites_duerdeni_FJ423976.1      10.04%    passed     99.20%
  63  Porites_rus_FJ423979.1            9.90%    passed     98.94%
  64  Porites_branneri_AY451380.1       7.07%    passed     97.09%
  65  Porites_compressa_FJ423970.1     10.47%    passed     98.14%
  66  Porites_lutea_MN602012.1         11.88%    passed     93.67%
  67  Porites_panamensis_FJ423990.1     9.90%    passed     89.79%
  68  Porites_colonensis_FJ423972.1     9.90%    passed     98.59%
  69  Porites_divaricata_FJ423969.1     9.90%    passed     87.53%
  70  Porites_lutea_AB441243.1         13.86%    passed     96.91%
  71  Porites_astreoides_AB441242.1    13.86%    passed     96.85%
****  TOTAL                             6.81%  0 sequences failed composition chi2 test (p-value<5%; df=3)
NOTE: Porites_rus_LN864762.1 is identical to Porites_lutea_KU159432.1 but kept for subsequent analysis
NOTE: Porites_lobata_KU572435.1 is identical to Porites_lobata_KU761954.1 but kept for subsequent analysis
NOTE: Porites_sverdrupi_KU956960.1 is identical to Porites_panamensis_KU761953.1 but kept for subsequent analysis
NOTE: Porites_evermanni_LT558157.1 is identical to Porites_lutea_LT558159.1 but kept for subsequent analysis
NOTE: Porites_rus_LT558164.1 is identical to Porites_rus_LT558165.1 but kept for subsequent analysis
NOTE: Porites_compressa_LT558147.1 is identical to Porites_lobata_LT558153.1 but kept for subsequent analysis
NOTE: Porites_lobata_LT558152.1 is identical to Porites_lobata_LT558154.1 but kept for subsequent analysis
NOTE: 14 identical sequences (see below) will be ignored for subsequent analysis
NOTE: Porites_evermanni_LT558156.1 (identical to Porites_lutea_LT558159.1) is ignored but added at the end
NOTE: Porites_evermanni_LT558155.1 (identical to Porites_lutea_LT558159.1) is ignored but added at the end
NOTE: Porites_evermanni_LT558151.1 (identical to Porites_lutea_LT558159.1) is ignored but added at the end
NOTE: Porites_evermanni_LT558150.1 (identical to Porites_lutea_LT558159.1) is ignored but added at the end
NOTE: Porites_evermanni_LT558149.1 (identical to Porites_lutea_LT558159.1) is ignored but added at the end
NOTE: Porites_annae_LT558143.1 (identical to Porites_lutea_LT558159.1) is ignored but added at the end
NOTE: Porites_rus_LT558163.1 (identical to Porites_rus_LT558165.1) is ignored but added at the end
NOTE: Porites_rus_LT558162.1 (identical to Porites_rus_LT558165.1) is ignored but added at the end
NOTE: Porites_monticulosa_LT558161.1 (identical to Porites_rus_LT558165.1) is ignored but added at the end
NOTE: Porites_monticulosa_LT558160.1 (identical to Porites_rus_LT558165.1) is ignored but added at the end
NOTE: Porites_lutea_LT558158.1 (identical to Porites_rus_LT558165.1) is ignored but added at the end
NOTE: Porites_compressa_LT558146.1 (identical to Porites_lobata_LT558153.1) is ignored but added at the end
NOTE: Porites_compressa_LT558148.1 (identical to Porites_lobata_LT558154.1) is ignored but added at the end
NOTE: Porites_annae_LT558142.1 (identical to Porites_lobata_LT558154.1) is ignored but added at the end

For your convenience alignment with unique sequences printed to por.co1.alignment.fasta.uniqueseq.phy


Create initial parsimony tree by phylogenetic likelihood library (PLL)... 0.002 seconds
NOTE: ModelFinder requires 2 MB RAM!
ModelFinder will test 286 DNA models (sample size: 707) ...
 No. Model         -LnL         df  AIC          AICc         BIC
Measuring multi-threading efficiency up to 20 CPU cores
Increase to 10 rounds for branch lengths
3991 trees examined
Threads: 1 / Time: 20.001 sec / Speedup: 1.000 / Efficiency: 100% / LogL: -2452
Threads: 2 / Time: 34.326 sec / Speedup: 0.583 / Efficiency: 29% / LogL: -2452
BEST NUMBER OF THREADS: 1

  1  JC            1636.394     111 3494.788     3536.577     4001.063
  2  JC+I          1614.950     112 3453.900     3496.513     3964.735
  3  JC+G4         1615.434     112 3454.868     3497.480     3965.703
  4  JC+I+G4       1614.641     113 3455.282     3498.729     3970.678
  5  JC+R2         1614.634     113 3455.268     3498.715     3970.664
  6  JC+R3         1614.532     115 3459.063     3504.207     3983.582
 14  F81+F         1605.054     114 3438.108     3482.399     3958.066
 15  F81+F+I       1584.096     115 3398.193     3443.337     3922.711
 16  F81+F+G4      1584.458     115 3398.917     3444.061     3923.435
 17  F81+F+I+G4    1583.734     116 3399.467     3445.474     3928.547
 18  F81+F+R2      1583.576     116 3399.151     3445.158     3928.231
 19  F81+F+R3      1583.462     118 3402.923     3450.685     3941.125
 27  K2P           1593.064     112 3410.128     3452.741     3920.964
 28  K2P+I         1557.059     113 3340.119     3383.565     3855.515
 29  K2P+G4        1557.964     113 3341.928     3385.375     3857.324
 30  K2P+I+G4      1556.359     114 3340.719     3385.009     3860.676
 31  K2P+R2        1555.673     114 3339.345     3383.636     3859.303
 32  K2P+R3        1555.536     116 3343.073     3389.080     3872.152
 40  HKY+F         1545.600     115 3321.199     3366.343     3845.718
 41  HKY+F+I       1524.061     116 3280.122     3326.129     3809.202
 42  HKY+F+G4      1524.330     116 3280.661     3326.667     3809.740
 43  HKY+F+I+G4    1523.105     117 3280.210     3327.089     3813.851
 44  HKY+F+R2      1522.123     117 3278.246     3325.126     3811.887
 45  HKY+F+R3      1522.035     119 3282.071     3330.725     3824.833
 53  TNe           1579.465     113 3384.929     3428.376     3900.326
 54  TNe+I         1556.207     114 3340.414     3384.705     3860.372
 55  TNe+G4        1556.961     114 3341.922     3386.212     3861.879
 56  TNe+I+G4      1555.380     115 3340.760     3385.904     3865.279
 57  TNe+R2        1554.480     115 3338.960     3384.104     3863.479
 58  TNe+R3        1554.386     117 3342.771     3389.651     3876.412
 66  TN+F          1544.484     116 3320.968     3366.974     3850.047
 67  TN+F+I        1523.576     117 3281.151     3328.031     3814.792
 68  TN+F+G4       1523.731     117 3281.461     3328.341     3815.102
 69  TN+F+I+G4     1522.435     118 3280.869     3328.631     3819.071
 70  TN+F+R2       1521.218     118 3278.436     3326.198     3816.637
 71  TN+F+R3       1521.174     120 3282.349     3331.905     3829.672
 79  K3P           1580.425     113 3386.850     3430.297     3902.246
 80  K3P+I         1557.039     114 3342.079     3386.369     3862.036
 81  K3P+G4        1557.914     114 3343.828     3388.119     3863.786
 82  K3P+I+G4      1556.320     115 3342.641     3387.785     3867.159
 83  K3P+R2        1555.415     115 3340.830     3385.974     3865.349
 84  K3P+R3        1555.384     117 3344.768     3391.648     3878.409
 92  K3Pu+F        1545.355     116 3322.711     3368.718     3851.790
 93  K3Pu+F+I      1524.044     117 3282.089     3328.968     3815.729
 94  K3Pu+F+G4     1524.313     117 3282.625     3329.505     3816.266
 95  K3Pu+F+I+G4   1523.081     118 3282.162     3329.923     3820.363
 96  K3Pu+F+R2     1521.927     118 3279.854     3327.616     3818.055
 97  K3Pu+F+R3     1521.911     120 3283.821     3333.378     3831.145
105  TPM2+F        1545.569     116 3323.138     3369.145     3852.218
106  TPM2+F+I      1523.770     117 3281.540     3328.419     3815.180
107  TPM2+F+G4     1524.116     117 3282.232     3329.112     3815.873
108  TPM2+F+I+G4   1522.811     118 3281.623     3329.385     3819.824
109  TPM2+F+R2     1521.655     118 3279.311     3327.072     3817.512
110  TPM2+F+R3     1521.649     120 3283.298     3332.855     3830.622
118  TPM2u+F       1545.565     116 3323.131     3369.138     3852.210
119  TPM2u+F+I     1523.765     117 3281.531     3328.410     3815.171
120  TPM2u+F+G4    1524.108     117 3282.215     3329.095     3815.856
121  TPM2u+F+I+G4  1522.801     118 3281.603     3329.364     3819.804
122  TPM2u+F+R2    1521.640     118 3279.280     3327.041     3817.481
123  TPM2u+F+R3    1521.640     120 3283.279     3332.836     3830.603
131  TPM3+F        1545.081     116 3322.163     3368.169     3851.242
132  TPM3+F+I      1523.132     117 3280.264     3327.143     3813.904
133  TPM3+F+G4     1523.465     117 3280.931     3327.810     3814.571
134  TPM3+F+I+G4   1522.107     118 3280.214     3327.976     3818.415
135  TPM3+F+R2     1520.883     118 3277.766     3325.527     3815.967
136  TPM3+F+R3     1520.875     120 3281.750     3331.307     3829.074
144  TPM3u+F       1545.079     116 3322.158     3368.165     3851.238
145  TPM3u+F+I     1523.129     117 3280.259     3327.138     3813.899
146  TPM3u+F+G4    1523.464     117 3280.927     3327.807     3814.568
147  TPM3u+F+I+G4  1522.102     118 3280.204     3327.966     3818.406
148  TPM3u+F+R2    1520.879     118 3277.759     3325.521     3815.961
149  TPM3u+F+R3    1520.871     120 3281.741     3331.298     3829.065
157  TIMe          1579.131     114 3386.261     3430.552     3906.219
158  TIMe+I        1556.173     115 3342.346     3387.490     3866.865
159  TIMe+G4       1556.899     115 3343.798     3388.941     3868.316
160  TIMe+I+G4     1555.310     116 3342.621     3388.627     3871.700
161  TIMe+R2       1554.273     116 3340.546     3386.553     3869.625
162  TIMe+R3       1554.254     118 3344.509     3392.271     3882.711
170  TIM+F         1544.228     117 3322.457     3369.336     3856.097
171  TIM+F+I       1523.551     118 3283.101     3330.863     3821.303
172  TIM+F+G4      1523.704     118 3283.408     3331.169     3821.609
173  TIM+F+I+G4    1522.389     119 3282.779     3331.433     3825.541
174  TIM+F+R2      1521.089     119 3280.178     3328.832     3822.941
175  TIM+F+R3      1521.088     121 3284.176     3334.644     3836.061
183  TIM2e         1579.107     114 3386.214     3430.505     3906.172
184  TIM2e+I       1554.914     115 3339.827     3384.971     3864.346
185  TIM2e+G4      1555.903     115 3341.807     3386.951     3866.325
186  TIM2e+I+G4    1553.986     116 3339.972     3385.979     3869.051
187  TIM2e+R2      1553.028     116 3338.057     3384.064     3867.136
188  TIM2e+R3      1553.011     118 3342.022     3389.784     3880.224
196  TIM2+F        1544.445     117 3322.889     3369.769     3856.530
197  TIM2+F+I      1523.276     118 3282.552     3330.314     3820.754
198  TIM2+F+G4     1523.487     118 3282.974     3330.736     3821.176
199  TIM2+F+I+G4   1522.116     119 3282.233     3330.887     3824.995
200  TIM2+F+R2     1520.840     119 3279.680     3328.334     3822.443
201  TIM2+F+R3     1520.839     121 3283.677     3334.146     3835.562
209  TIM3e         1579.066     114 3386.132     3430.423     3906.090
210  TIM3e+I       1555.490     115 3340.980     3386.124     3865.498
211  TIM3e+G4      1556.330     115 3342.659     3387.803     3867.178
212  TIM3e+I+G4    1554.596     116 3341.192     3387.199     3870.272
213  TIM3e+R2      1553.583     116 3339.167     3385.174     3868.246
214  TIM3e+R3      1553.581     118 3343.162     3390.924     3881.364
222  TIM3+F        1543.966     117 3321.932     3368.812     3855.573
223  TIM3+F+I      1522.695     118 3281.389     3329.151     3819.591
224  TIM3+F+G4     1522.899     118 3281.798     3329.560     3820.000
225  TIM3+F+I+G4   1521.459     119 3280.918     3329.573     3823.681
226  TIM3+F+R2     1520.078     119 3278.155     3326.809     3820.918
227  TIM3+F+R3     1520.074     121 3282.149     3332.617     3834.034
235  TVMe          1579.197     115 3388.393     3433.537     3912.912
236  TVMe+I        1554.766     116 3341.532     3387.539     3870.611
237  TVMe+G4       1555.759     116 3343.517     3389.524     3872.597
238  TVMe+I+G4     1553.903     117 3341.806     3388.685     3875.446
239  TVMe+R2       1552.769     117 3339.538     3386.417     3873.178
240  TVMe+R3       1552.741     119 3343.483     3392.137     3886.246
248  TVM+F         1544.241     118 3324.481     3372.243     3862.683
249  TVM+F+I       1522.334     119 3282.668     3331.323     3825.431
250  TVM+F+G4      1522.631     119 3283.261     3331.916     3826.024
251  TVM+F+I+G4    1521.175     120 3282.351     3331.907     3829.674
252  TVM+F+R2      1519.722     120 3279.444     3329.000     3826.768
253  TVM+F+R3      1519.707     122 3283.415     3334.805     3839.861
261  SYM           1577.923     116 3387.846     3433.853     3916.925
262  SYM+I         1553.967     117 3341.933     3388.813     3875.574
263  SYM+G4        1554.790     117 3343.579     3390.459     3877.220
264  SYM+I+G4      1552.975     118 3341.949     3389.711     3880.151
265  SYM+R2        1551.709     118 3339.419     3387.181     3877.620
266  SYM+R3        1551.694     120 3343.389     3392.945     3890.713
274  GTR+F         1543.132     119 3324.264     3372.918     3867.026
275  GTR+F+I       1521.911     120 3283.823     3333.379     3831.146
276  GTR+F+G4      1522.088     120 3284.177     3333.733     3831.501
277  GTR+F+I+G4    1520.567     121 3283.134     3333.602     3835.018
278  GTR+F+R2      1518.961     121 3279.922     3330.390     3831.806
279  GTR+F+R3      1518.955     123 3283.911     3336.233     3844.918
Akaike Information Criterion:           TPM3u+F+R2
Corrected Akaike Information Criterion: HKY+F+R2
Bayesian Information Criterion:         HKY+F+I
Best-fit model: HKY+F+I chosen according to BIC

All model information printed to por.co1.alignment.fasta.model.gz
CPU time for ModelFinder: 93.042 seconds (0h:1m:33s)
Wall-clock time for ModelFinder: 57.790 seconds (0h:0m:57s)
Generating 1000 samples for ultrafast bootstrap (seed: 495513)...

NOTE: 0 MB RAM (0 GB) is required!
Measuring multi-threading efficiency up to 20 CPU cores
Increase to 10 rounds for branch lengths
3551 trees examined
Threads: 1 / Time: 20.005 sec / Speedup: 1.000 / Efficiency: 100% / LogL: -2287
Threads: 2 / Time: 28.277 sec / Speedup: 0.707 / Efficiency: 35% / LogL: -2287
BEST NUMBER OF THREADS: 1

Estimate model parameters (epsilon = 0.100)
1. Initial log-likelihood: -1598.718
2. Current log-likelihood: -1536.276
3. Current log-likelihood: -1532.240
4. Current log-likelihood: -1531.957
5. Current log-likelihood: -1531.773
6. Current log-likelihood: -1529.891
7. Current log-likelihood: -1525.036
8. Current log-likelihood: -1524.108
Optimal log-likelihood: -1524.061
Rate parameters:  A-C: 1.00000  A-G: 13.82022  A-T: 1.00000  C-G: 1.00000  C-T: 13.82022  G-T: 1.00000
Base frequencies:  A: 0.371  C: 0.242  G: 0.172  T: 0.215
Proportion of invariable sites: 0.779
Parameters optimization took 8 rounds (0.046 sec)
Computing ML distances based on estimated model parameters... 0.035 sec
Computing BIONJ tree...
0.008 seconds
Log-likelihood of BIONJ tree: -1530.474
--------------------------------------------------------------------
|             INITIALIZING CANDIDATE TREE SET                      |
--------------------------------------------------------------------
Generating 98 parsimony trees... 0.197 second
Computing log-likelihood of 98 initial trees ... 0.323 seconds
Current best score: -1523.582

Do NNI search on 20 best initial trees
Estimate model parameters (epsilon = 0.100)
BETTER TREE FOUND at iteration 1: -1523.355
Iteration 10 / LogL: -1523.899 / Time: 0h:0m:49s
Iteration 20 / LogL: -1526.110 / Time: 0h:0m:50s
Finish initializing candidate tree set (20)
Current best tree score: -1523.355 / CPU time: 2.234
Number of iterations: 20
--------------------------------------------------------------------
|               OPTIMIZING CANDIDATE TREE SET                      |
--------------------------------------------------------------------
Iteration 30 / LogL: -1523.893 / Time: 0h:0m:51s (0h:2m:5s left)
BETTER TREE FOUND at iteration 32: -1523.351
Iteration 40 / LogL: -1524.913 / Time: 0h:0m:52s (0h:2m:3s left)
BETTER TREE FOUND at iteration 48: -1523.351
Iteration 50 / LogL: -1529.412 / Time: 0h:0m:52s (0h:1m:45s left)
Log-likelihood cutoff on original alignment: -1539.898
Iteration 60 / LogL: -1530.320 / Time: 0h:0m:53s (0h:1m:20s left)
BETTER TREE FOUND at iteration 68: -1523.351
Iteration 70 / LogL: -1523.351 / Time: 0h:0m:54s (0h:1m:17s left)
BETTER TREE FOUND at iteration 76: -1523.350
Iteration 80 / LogL: -1525.355 / Time: 0h:0m:55s (0h:1m:7s left)
Iteration 90 / LogL: -1523.351 / Time: 0h:0m:56s (0h:0m:54s left)
Iteration 100 / LogL: -1531.600 / Time: 0h:0m:57s (0h:0m:43s left)
Log-likelihood cutoff on original alignment: -1542.328
NOTE: Bootstrap correlation coefficient of split occurrence frequencies: 0.979
NOTE: UFBoot does not converge, continue at least 100 more iterations
BETTER TREE FOUND at iteration 103: -1523.350
BETTER TREE FOUND at iteration 109: -1523.350
Iteration 110 / LogL: -1523.351 / Time: 0h:0m:58s (0h:0m:53s left)
Iteration 120 / LogL: -1523.351 / Time: 0h:0m:59s (0h:0m:44s left)
Iteration 130 / LogL: -1523.350 / Time: 0h:1m:0s (0h:0m:36s left)
Iteration 140 / LogL: -1523.350 / Time: 0h:1m:1s (0h:0m:30s left)
Iteration 150 / LogL: -1523.350 / Time: 0h:1m:1s (0h:0m:24s left)
Log-likelihood cutoff on original alignment: -1541.565
BETTER TREE FOUND at iteration 154: -1523.350
Iteration 160 / LogL: -1523.934 / Time: 0h:1m:3s (0h:0m:37s left)
Iteration 170 / LogL: -1523.350 / Time: 0h:1m:3s (0h:0m:31s left)
Iteration 180 / LogL: -1523.350 / Time: 0h:1m:4s (0h:0m:26s left)
Iteration 190 / LogL: -1523.351 / Time: 0h:1m:5s (0h:0m:22s left)
BETTER TREE FOUND at iteration 196: -1523.350
BETTER TREE FOUND at iteration 197: -1523.349
Iteration 200 / LogL: -1523.350 / Time: 0h:1m:6s (0h:0m:32s left)
Log-likelihood cutoff on original alignment: -1543.148
NOTE: Bootstrap correlation coefficient of split occurrence frequencies: 0.982
NOTE: UFBoot does not converge, continue at least 100 more iterations
BETTER TREE FOUND at iteration 202: -1523.349
Iteration 210 / LogL: -1528.091 / Time: 0h:1m:7s (0h:0m:29s left)
Iteration 220 / LogL: -1523.350 / Time: 0h:1m:8s (0h:0m:25s left)
Iteration 230 / LogL: -1523.350 / Time: 0h:1m:9s (0h:0m:22s left)
BETTER TREE FOUND at iteration 238: -1523.348
Iteration 240 / LogL: -1530.238 / Time: 0h:1m:11s (0h:0m:29s left)
BETTER TREE FOUND at iteration 246: -1523.348
Iteration 250 / LogL: -1523.350 / Time: 0h:1m:12s (0h:0m:27s left)
Log-likelihood cutoff on original alignment: -1544.153
BETTER TREE FOUND at iteration 258: -1523.348
Iteration 260 / LogL: -1534.193 / Time: 0h:1m:13s (0h:0m:27s left)
BETTER TREE FOUND at iteration 270: -1523.348
Iteration 270 / LogL: -1523.348 / Time: 0h:1m:14s (0h:0m:27s left)
Iteration 280 / LogL: -1541.397 / Time: 0h:1m:15s (0h:0m:24s left)
Iteration 290 / LogL: -1523.348 / Time: 0h:1m:16s (0h:0m:21s left)
Iteration 300 / LogL: -1523.348 / Time: 0h:1m:17s (0h:0m:18s left)
Log-likelihood cutoff on original alignment: -1545.041
NOTE: Bootstrap correlation coefficient of split occurrence frequencies: 0.995
Iteration 310 / LogL: -1523.349 / Time: 0h:1m:18s (0h:0m:22s left)
Iteration 320 / LogL: -1523.349 / Time: 0h:1m:19s (0h:0m:20s left)
Iteration 330 / LogL: -1523.349 / Time: 0h:1m:21s (0h:0m:17s left)
Iteration 340 / LogL: -1529.327 / Time: 0h:1m:22s (0h:0m:14s left)
Iteration 350 / LogL: -1529.724 / Time: 0h:1m:23s (0h:0m:11s left)
Log-likelihood cutoff on original alignment: -1545.041
Iteration 360 / LogL: -1523.349 / Time: 0h:1m:24s (0h:0m:9s left)
Iteration 370 / LogL: -1537.214 / Time: 0h:1m:26s (0h:0m:6s left)
TREE SEARCH COMPLETED AFTER 371 ITERATIONS / Time: 0h:1m:26s

--------------------------------------------------------------------
|                    FINALIZING TREE SEARCH                        |
--------------------------------------------------------------------
Performs final model parameters optimization
Estimate model parameters (epsilon = 0.010)
1. Initial log-likelihood: -1523.348
Optimal log-likelihood: -1523.348
Rate parameters:  A-C: 1.00000  A-G: 13.81212  A-T: 1.00000  C-G: 1.00000  C-T: 13.81212  G-T: 1.00000
Base frequencies:  A: 0.371  C: 0.242  G: 0.172  T: 0.215
Proportion of invariable sites: 0.778
Parameters optimization took 1 rounds (0.003 sec)
BEST SCORE FOUND : -1523.348
Creating bootstrap support values...
Split supports printed to NEXUS file por.co1.alignment.fasta.splits.nex
Total tree length: 0.202

Total number of iterations: 371
CPU time used for tree search: 37.727 sec (0h:0m:37s)
Wall-clock time used for tree search: 37.720 sec (0h:0m:37s)
Total CPU time used: 114.596 sec (0h:1m:54s)
Total wall-clock time used: 86.346 sec (0h:1m:26s)

Computing bootstrap consensus tree...
Reading input file por.co1.alignment.fasta.splits.nex...
57 taxa and 1269 splits.
Consensus tree written to por.co1.alignment.fasta.contree
Reading input trees file por.co1.alignment.fasta.contree
Log-likelihood of consensus tree: -1523.351

Analysis results written to: 
  IQ-TREE report:                por.co1.alignment.fasta.iqtree
  Maximum-likelihood tree:       por.co1.alignment.fasta.treefile
  Likelihood distances:          por.co1.alignment.fasta.mldist

Ultrafast bootstrap approximation results written to:
  Split support values:          por.co1.alignment.fasta.splits.nex
  Consensus tree:                por.co1.alignment.fasta.contree
  Screen log file:               por.co1.alignment.fasta.log

Date and Time: Mon Nov  2 13:14:40 2020
