IQ-TREE multicore version 1.6.12 for Linux 64-bit built Aug 15 2019
Developed by Bui Quang Minh, Nguyen Lam Tung, Olga Chernomor,
Heiko Schmidt, Dominik Schrempf, Michael Woodhams.

Host:    c03n07.grace.hpc.yale.internal (AVX, 125 GB RAM)
Command: iqtree -s por.alignment.fasta -nt AUTO
Seed:    602439 (Using SPRNG - Scalable Parallel Random Number Generator)
Time:    Sun Nov  1 15:15:48 2020
Kernel:  AVX - auto-detect threads (20 CPU cores detected)

Reading alignment file por.alignment.fasta ... Fasta format detected
Alignment most likely contains DNA/RNA sequences
WARNING: 5 sites contain only gaps or ambiguous characters.
Alignment has 24 sequences with 1800 columns, 79 distinct patterns
11 parsimony-informative, 16 singleton sites, 1773 constant sites
                               Gap/Ambiguity  Composition  p-value
   1  Porites_profundus_LT631018.1     0.28%    passed     99.86%
   2  Porites_profundus_LT631017.1     0.28%    passed     99.86%
   3  Porites_sp_LT631016.1            0.28%    passed     99.86%
   4  Porites_sp_LT631015.1            0.28%    passed     99.86%
   5  Porites_rus_LT631014.1           0.28%    passed     99.86%
   6  Porites_sp_LT631012.1            0.28%    passed     99.86%
   7  Porites_rus_LT631011.1           0.28%    passed     99.86%
   8  Porites_sp_LT631013.1            0.28%    passed     99.70%
   9  Porites_fontanesii_LT631020.1    0.33%    passed     99.97%
  10  Porites_fontanesii_LT631019.1    0.33%    passed     99.97%
  11  Porites_cylindrica_KC816690.1    5.44%    passed     99.79%
  12  Porites_cylindrica_KC816689.1    5.39%    passed     99.19%
  13  Porites_cylindrica_KC816688.1    5.44%    passed     97.68%
  14  Porites_cylindrica_KC816698.1    7.06%    passed     99.88%
  15  Porites_cylindrica_KC816699.1    7.06%    passed     99.18%
  16  Porites_panamensis_MH845722.1   14.61%    passed     99.26%
  17  Porites_panamensis_MH845721.1   14.61%    passed     99.26%
  18  Porites_panamensis_MF969053.1   14.61%    passed     99.26%
  19  Porites_cylindrica_KC816700.1   40.61%    passed     70.89%
  20  Porites_cylindrica_KC816701.1   44.17%    passed     71.71%
  21  Porites_cylindrica_KC816703.1   44.50%    passed     69.24%
  22  Porites_cylindrica_KC816702.1   44.39%    passed     62.10%
  23  Porites_cylindrica_KC816710.1   49.83%    passed     97.01%
  24  Porites_cylindrica_KC816709.1   51.67%    passed     90.97%
WARNING: 1 sequences contain more than 50% gaps/ambiguity
****  TOTAL                           14.68%  0 sequences failed composition chi2 test (p-value<5%; df=3)
NOTE: Porites_profundus_LT631017.1 is identical to Porites_profundus_LT631018.1 but kept for subsequent analysis
NOTE: Porites_fontanesii_LT631019.1 is identical to Porites_fontanesii_LT631020.1 but kept for subsequent analysis
NOTE: Porites_panamensis_MH845721.1 is identical to Porites_panamensis_MH845722.1 but kept for subsequent analysis
NOTE: 6 identical sequences (see below) will be ignored for subsequent analysis
NOTE: Porites_sp_LT631016.1 (identical to Porites_profundus_LT631018.1) is ignored but added at the end
NOTE: Porites_sp_LT631015.1 (identical to Porites_profundus_LT631018.1) is ignored but added at the end
NOTE: Porites_rus_LT631014.1 (identical to Porites_profundus_LT631018.1) is ignored but added at the end
NOTE: Porites_sp_LT631012.1 (identical to Porites_profundus_LT631018.1) is ignored but added at the end
NOTE: Porites_rus_LT631011.1 (identical to Porites_profundus_LT631018.1) is ignored but added at the end
NOTE: Porites_panamensis_MF969053.1 (identical to Porites_panamensis_MH845722.1) is ignored but added at the end

For your convenience alignment with unique sequences printed to por.alignment.fasta.uniqueseq.phy


Create initial parsimony tree by phylogenetic likelihood library (PLL)... 0.000 seconds
NOTE: ModelFinder requires 0 MB RAM!
ModelFinder will test 286 DNA models (sample size: 1800) ...
 No. Model         -LnL         df  AIC          AICc         BIC
Measuring multi-threading efficiency up to 20 CPU cores
Increase to 10 rounds for branch lengths
19564 trees examined
Threads: 1 / Time: 20.000 sec / Speedup: 1.000 / Efficiency: 100% / LogL: -2805
Threads: 2 / Time: 19.582 sec / Speedup: 1.021 / Efficiency: 51% / LogL: -2805
Threads: 3 / Time: 21.834 sec / Speedup: 0.916 / Efficiency: 31% / LogL: -2805
BEST NUMBER OF THREADS: 1

  1  JC            2709.814     33  5485.629     5486.900     5666.982
  2  JC+I          2709.814     34  5487.629     5488.977     5674.477
  3  JC+G4         2709.814     34  5487.629     5488.977     5674.477
  4  JC+I+G4       2709.975     35  5489.950     5491.379     5682.294
  5  JC+R2         2709.891     35  5489.782     5491.210     5682.126
  6  JC+R3         2709.887     37  5493.775     5495.371     5697.110
 14  F81+F         2695.068     36  5462.135     5463.646     5659.975
 15  F81+F+I       2695.068     37  5464.135     5465.731     5667.470
 16  F81+F+G4      2695.068     37  5464.136     5465.732     5667.471
 17  F81+F+I+G4    2695.224     38  5466.448     5468.131     5675.278
 18  F81+F+R2      2695.140     38  5466.280     5467.963     5675.111
 19  F81+F+R3      2695.136     40  5470.272     5472.137     5690.094
 27  K2P           2700.451     34  5468.902     5470.251     5655.751
 28  K2P+I         2700.450     35  5470.901     5472.329     5663.245
 29  K2P+G4        2700.450     35  5470.900     5472.328     5663.244
 30  K2P+I+G4      2700.604     36  5473.207     5474.718     5671.047
 31  K2P+R2        2700.519     36  5473.038     5474.549     5670.877
 32  K2P+R3        2700.514     38  5477.027     5478.710     5685.858
 40  HKY+F         2685.644     37  5445.288     5446.883     5648.623
 41  HKY+F+I       2685.644     38  5447.287     5448.971     5656.118
 42  HKY+F+G4      2685.644     38  5447.288     5448.971     5656.118
 43  HKY+F+I+G4    2685.792     39  5449.585     5451.358     5663.911
 44  HKY+F+R2      2685.709     39  5449.418     5451.191     5663.744
 45  HKY+F+R3      2685.703     41  5453.407     5455.366     5678.724
 53  TNe           2699.262     35  5468.524     5469.953     5660.868
 54  TNe+I         2699.261     36  5470.522     5472.033     5668.362
 55  TNe+G4        2699.261     36  5470.521     5472.033     5668.361
 56  TNe+I+G4      2699.421     37  5472.843     5474.439     5676.178
 57  TNe+R2        2699.329     37  5472.658     5474.254     5675.993
 58  TNe+R3        2699.322     39  5476.644     5478.417     5690.971
 66  TN+F          2684.917     38  5445.834     5447.517     5654.665
 67  TN+F+I        2684.917     39  5447.833     5449.606     5662.159
 68  TN+F+G4       2684.916     39  5447.833     5449.606     5662.159
 69  TN+F+I+G4     2685.071     40  5450.141     5452.006     5669.963
 70  TN+F+R2       2684.980     40  5449.960     5451.825     5669.782
 71  TN+F+R3       2684.972     42  5453.945     5456.001     5684.758
 79  K3P           2700.386     35  5470.771     5472.200     5663.115
 80  K3P+I         2700.384     36  5472.767     5474.278     5670.607
 81  K3P+G4        2700.383     36  5472.765     5474.276     5670.605
 82  K3P+I+G4      2700.538     37  5475.075     5476.671     5678.410
 83  K3P+R2        2700.444     37  5474.888     5476.484     5678.223
 84  K3P+R3        2700.435     39  5478.870     5480.643     5693.196
 92  K3Pu+F        2685.578     38  5447.157     5448.840     5655.988
 93  K3Pu+F+I      2685.578     39  5449.156     5450.929     5663.482
 94  K3Pu+F+G4     2685.578     39  5449.156     5450.929     5663.482
 95  K3Pu+F+I+G4   2685.728     40  5451.456     5453.321     5671.278
 96  K3Pu+F+R2     2685.636     40  5451.272     5453.137     5671.094
 97  K3Pu+F+R3     2685.627     42  5455.255     5457.310     5686.067
105  TPM2+F        2684.934     38  5445.867     5447.551     5654.698
106  TPM2+F+I      2684.934     39  5447.867     5449.640     5662.193
107  TPM2+F+G4     2684.933     39  5447.867     5449.640     5662.193
108  TPM2+F+I+G4   2685.072     40  5450.144     5452.008     5669.965
109  TPM2+F+R2     2684.986     40  5449.972     5451.837     5669.794
110  TPM2+F+R3     2684.977     42  5453.955     5456.010     5684.767
118  TPM2u+F       2684.932     38  5445.865     5447.548     5654.695
119  TPM2u+F+I     2684.932     39  5447.865     5449.637     5662.191
120  TPM2u+F+G4    2684.932     39  5447.865     5449.637     5662.191
121  TPM2u+F+I+G4  2685.071     40  5450.141     5452.006     5669.963
122  TPM2u+F+R2    2684.984     40  5449.967     5451.832     5669.789
123  TPM2u+F+R3    2684.974     42  5453.949     5456.005     5684.762
131  TPM3+F        2685.393     38  5446.787     5448.470     5655.617
132  TPM3+F+I      2685.393     39  5448.786     5450.558     5663.112
133  TPM3+F+G4     2685.392     39  5448.785     5450.557     5663.111
134  TPM3+F+I+G4   2685.544     40  5451.088     5452.953     5670.910
135  TPM3+F+R2     2685.446     40  5450.893     5452.757     5670.714
136  TPM3+F+R3     2685.435     42  5454.870     5456.926     5685.683
144  TPM3u+F       2685.390     38  5446.780     5448.463     5655.611
145  TPM3u+F+I     2685.390     39  5448.780     5450.552     5663.106
146  TPM3u+F+G4    2685.390     39  5448.779     5450.552     5663.106
147  TPM3u+F+I+G4  2685.541     40  5451.083     5452.948     5670.904
148  TPM3u+F+R2    2685.442     40  5450.885     5452.750     5670.707
149  TPM3u+F+R3    2685.431     42  5454.862     5456.918     5685.675
157  TIMe          2699.196     36  5470.392     5471.903     5668.232
158  TIMe+I        2699.195     37  5472.391     5473.987     5675.726
159  TIMe+G4       2699.195     37  5472.390     5473.986     5675.725
160  TIMe+I+G4     2699.357     38  5474.714     5476.397     5683.545
161  TIMe+R2       2699.249     38  5474.497     5476.180     5683.328
162  TIMe+R3       2699.236     40  5478.471     5480.336     5698.293
170  TIM+F         2684.847     39  5447.694     5449.467     5662.021
171  TIM+F+I       2684.845     40  5449.690     5451.555     5669.512
172  TIM+F+G4      2684.845     40  5449.690     5451.555     5669.512
173  TIM+F+I+G4    2685.001     41  5452.003     5453.962     5677.320
174  TIM+F+R2      2684.896     41  5451.792     5453.751     5677.109
175  TIM+F+R3      2684.883     43  5455.767     5457.922     5692.075
183  TIM2e         2698.569     36  5469.139     5470.650     5666.978
184  TIM2e+I       2698.569     37  5471.139     5472.735     5674.474
185  TIM2e+G4      2698.569     37  5471.139     5472.735     5674.474
186  TIM2e+I+G4    2698.720     38  5473.439     5475.122     5682.270
187  TIM2e+R2      2698.617     38  5473.234     5474.917     5682.064
188  TIM2e+R3      2698.604     40  5477.209     5479.073     5697.030
196  TIM2+F        2684.205     39  5446.411     5448.184     5660.737
197  TIM2+F+I      2684.205     40  5448.410     5450.274     5668.231
198  TIM2+F+G4     2684.205     40  5448.410     5450.274     5668.231
199  TIM2+F+I+G4   2684.349     41  5450.698     5452.657     5676.015
200  TIM2+F+R2     2684.248     41  5450.496     5452.456     5675.814
201  TIM2+F+R3     2684.236     43  5454.472     5456.626     5690.780
209  TIM3e         2698.808     36  5469.617     5471.128     5667.456
210  TIM3e+I       2698.808     37  5471.616     5473.212     5674.952
211  TIM3e+G4      2698.808     37  5471.617     5473.213     5674.952
212  TIM3e+I+G4    2698.972     38  5473.943     5475.626     5682.774
213  TIM3e+R2      2698.857     38  5473.714     5475.397     5682.544
214  TIM3e+R3      2698.842     40  5477.685     5479.550     5697.507
222  TIM3+F        2684.663     39  5447.327     5449.100     5661.653
223  TIM3+F+I      2684.663     40  5449.325     5451.190     5669.147
224  TIM3+F+G4     2684.662     40  5449.324     5451.189     5669.146
225  TIM3+F+I+G4   2684.819     41  5451.639     5453.598     5676.956
226  TIM3+F+R2     2684.706     41  5451.413     5453.372     5676.730
227  TIM3+F+R3     2684.692     43  5455.384     5457.538     5691.692
235  TVMe          2698.589     37  5471.178     5472.774     5674.513
236  TVMe+I        2698.518     38  5473.035     5474.718     5681.866
237  TVMe+G4       2698.513     38  5473.026     5474.709     5681.857
238  TVMe+I+G4     2698.661     39  5475.322     5477.095     5689.648
239  TVMe+R2       2698.548     39  5475.097     5476.869     5689.423
240  TVMe+R3       2698.531     41  5479.063     5481.022     5704.380
248  TVM+F         2683.862     40  5447.724     5449.589     5667.546
249  TVM+F+I       2683.859     41  5449.719     5451.678     5675.036
250  TVM+F+G4      2683.859     41  5449.719     5451.678     5675.036
251  TVM+F+I+G4    2684.007     42  5452.014     5454.070     5682.827
252  TVM+F+R2      2683.899     42  5451.798     5453.854     5682.611
253  TVM+F+R3      2683.885     44  5455.771     5458.027     5697.575
261  SYM           2697.308     38  5470.617     5472.300     5679.447
262  SYM+I         2697.307     39  5472.614     5474.387     5686.940
263  SYM+G4        2697.306     39  5472.612     5474.385     5686.939
264  SYM+I+G4      2697.465     40  5474.930     5476.795     5694.752
265  SYM+R2        2697.346     40  5474.692     5476.557     5694.514
266  SYM+R3        2697.331     42  5478.662     5480.718     5709.475
274  GTR+F         2683.134     41  5448.268     5450.228     5673.586
275  GTR+F+I       2683.131     42  5450.262     5452.318     5681.075
276  GTR+F+G4      2683.131     42  5450.261     5452.317     5681.074
277  GTR+F+I+G4    2683.284     43  5452.568     5454.723     5688.877
278  GTR+F+R2      2683.169     43  5452.338     5454.493     5688.646
279  GTR+F+R3      2683.154     45  5456.309     5458.669     5703.608
Akaike Information Criterion:           HKY+F
Corrected Akaike Information Criterion: HKY+F
Bayesian Information Criterion:         HKY+F
Best-fit model: HKY+F chosen according to BIC

All model information printed to por.alignment.fasta.model.gz
CPU time for ModelFinder: 126.351 seconds (0h:2m:6s)
Wall-clock time for ModelFinder: 61.858 seconds (0h:1m:1s)

NOTE: 0 MB RAM (0 GB) is required!
Measuring multi-threading efficiency up to 20 CPU cores
Increase to 10 rounds for branch lengths
19875 trees examined
Threads: 1 / Time: 20.001 sec / Speedup: 1.000 / Efficiency: 100% / LogL: -2791
Threads: 2 / Time: 19.434 sec / Speedup: 1.029 / Efficiency: 51% / LogL: -2791
Threads: 3 / Time: 21.649 sec / Speedup: 0.924 / Efficiency: 31% / LogL: -2791
BEST NUMBER OF THREADS: 1

Estimate model parameters (epsilon = 0.100)
1. Initial log-likelihood: -2695.067
2. Current log-likelihood: -2685.649
Optimal log-likelihood: -2685.647
Rate parameters:  A-C: 1.00000  A-G: 5.98494  A-T: 1.00000  C-G: 1.00000  C-T: 5.98494  G-T: 1.00000
Base frequencies:  A: 0.270  C: 0.194  G: 0.261  T: 0.275
Parameters optimization took 2 rounds (0.001 sec)
Computing ML distances based on estimated model parameters... 0.002 sec
Computing BIONJ tree...
0.001 seconds
Log-likelihood of BIONJ tree: -2688.914
--------------------------------------------------------------------
|             INITIALIZING CANDIDATE TREE SET                      |
--------------------------------------------------------------------
Generating 98 parsimony trees... 0.037 second
Computing log-likelihood of 98 initial trees ... 0.075 seconds
Current best score: -2685.643

Do NNI search on 20 best initial trees
Estimate model parameters (epsilon = 0.100)
BETTER TREE FOUND at iteration 1: -2685.634
Estimate model parameters (epsilon = 0.100)
BETTER TREE FOUND at iteration 2: -2685.306
Iteration 10 / LogL: -2685.642 / Time: 0h:1m:1s
BETTER TREE FOUND at iteration 15: -2685.305
Iteration 20 / LogL: -2685.642 / Time: 0h:1m:1s
Finish initializing candidate tree set (20)
Current best tree score: -2685.305 / CPU time: 0.185
Number of iterations: 20
--------------------------------------------------------------------
|               OPTIMIZING CANDIDATE TREE SET                      |
--------------------------------------------------------------------
Iteration 30 / LogL: -2685.307 / Time: 0h:1m:1s (0h:2m:59s left)
Iteration 40 / LogL: -2685.307 / Time: 0h:1m:1s (0h:1m:57s left)
Iteration 50 / LogL: -2685.306 / Time: 0h:1m:1s (0h:1m:21s left)
Iteration 60 / LogL: -2685.307 / Time: 0h:1m:1s (0h:0m:57s left)
Iteration 70 / LogL: -2685.306 / Time: 0h:1m:1s (0h:0m:40s left)
UPDATE BEST LOG-LIKELIHOOD: -2685.305
Iteration 80 / LogL: -2685.305 / Time: 0h:1m:1s (0h:0m:27s left)
Iteration 90 / LogL: -2685.307 / Time: 0h:1m:1s (0h:0m:17s left)
BETTER TREE FOUND at iteration 97: -2685.303
Iteration 100 / LogL: -2685.310 / Time: 0h:1m:1s (0h:1m:0s left)
Iteration 110 / LogL: -2685.305 / Time: 0h:1m:1s (0h:0m:49s left)
UPDATE BEST LOG-LIKELIHOOD: -2685.303
Iteration 120 / LogL: -2685.303 / Time: 0h:1m:1s (0h:0m:39s left)
Iteration 130 / LogL: -2685.303 / Time: 0h:1m:1s (0h:0m:32s left)
UPDATE BEST LOG-LIKELIHOOD: -2685.303
Iteration 140 / LogL: -2685.303 / Time: 0h:1m:1s (0h:0m:25s left)
Iteration 150 / LogL: -2685.305 / Time: 0h:1m:1s (0h:0m:19s left)
UPDATE BEST LOG-LIKELIHOOD: -2685.303
Iteration 160 / LogL: -2685.303 / Time: 0h:1m:1s (0h:0m:14s left)
Iteration 170 / LogL: -2685.303 / Time: 0h:1m:1s (0h:0m:9s left)
UPDATE BEST LOG-LIKELIHOOD: -2685.303
Iteration 180 / LogL: -2685.305 / Time: 0h:1m:1s (0h:0m:5s left)
UPDATE BEST LOG-LIKELIHOOD: -2685.303
UPDATE BEST LOG-LIKELIHOOD: -2685.303
Iteration 190 / LogL: -2685.307 / Time: 0h:1m:1s (0h:0m:2s left)
TREE SEARCH COMPLETED AFTER 198 ITERATIONS / Time: 0h:1m:1s

--------------------------------------------------------------------
|                    FINALIZING TREE SEARCH                        |
--------------------------------------------------------------------
Performs final model parameters optimization
Estimate model parameters (epsilon = 0.010)
1. Initial log-likelihood: -2685.303
Optimal log-likelihood: -2685.302
Rate parameters:  A-C: 1.00000  A-G: 5.89857  A-T: 1.00000  C-G: 1.00000  C-T: 5.89857  G-T: 1.00000
Base frequencies:  A: 0.270  C: 0.194  G: 0.261  T: 0.275
Parameters optimization took 1 rounds (0.001 sec)
BEST SCORE FOUND : -2685.302
Total tree length: 0.017

Total number of iterations: 198
CPU time used for tree search: 1.145 sec (0h:0m:1s)
Wall-clock time used for tree search: 0.841 sec (0h:0m:0s)
Total CPU time used: 124.773 sec (0h:2m:4s)
Total wall-clock time used: 61.953 sec (0h:1m:1s)

Analysis results written to: 
  IQ-TREE report:                por.alignment.fasta.iqtree
  Maximum-likelihood tree:       por.alignment.fasta.treefile
  Likelihood distances:          por.alignment.fasta.mldist
  Screen log file:               por.alignment.fasta.log

Date and Time: Sun Nov  1 15:17:52 2020
